<?xml version="1.0" encoding="UTF-8"?>
<testsuite name="com.spring.practice.airbenderapi.members.MemberControllerTest" tests="2" skipped="0" failures="0" errors="0" timestamp="2021-07-05T04:31:11" hostname="Jesuss-MBP-3.MG8702" time="0.74">
  <properties/>
  <testcase name="getMembers_returnsEmptyList_and204_whenNoMembersFound" classname="com.spring.practice.airbenderapi.members.MemberControllerTest" time="0.736"/>
  <testcase name="getMembers_returnsListOfMembers_whenMembersFound" classname="com.spring.practice.airbenderapi.members.MemberControllerTest" time="0.003"/>
  <system-out><![CDATA[]]></system-out>
  <system-err><![CDATA[]]></system-err>
</testsuite>
